
4월 02, 2020 05:53:12.35 NEW SESSION
4월 02, 2020 05:53:12.35 
4월 02, 2020 05:53:12.35 KLIB_SelfTest return : KLR_OK
4월 02, 2020 06:22:47.24 
4월 02, 2020 06:22:47.25 KLIB_SelfTest return : KLR_OK
4월 02, 2020 06:24:58.05 
4월 02, 2020 06:24:58.05 KLIB_SelfTest return : KLR_OK

4월 02, 2020 11:46:25.77 NEW SESSION
4월 02, 2020 11:46:25.77 
4월 02, 2020 11:46:25.78 KLIB_SelfTest return : KLR_OK
4월 02, 2020 13:00:54.29 
4월 02, 2020 13:00:54.30 KLIB_SelfTest return : KLR_OK
4월 02, 2020 13:12:00.71 
4월 02, 2020 13:12:00.71 KLIB_SelfTest return : KLR_OK
4월 02, 2020 13:14:42.31 
4월 02, 2020 13:14:42.31 KLIB_SelfTest return : KLR_OK
4월 02, 2020 13:28:55.62 
4월 02, 2020 13:28:55.64 KLIB_SelfTest return : KLR_OK
4월 02, 2020 13:31:03.99 
4월 02, 2020 13:31:04.00 KLIB_SelfTest return : KLR_OK
4월 02, 2020 13:50:02.39 
4월 02, 2020 13:50:02.39 KLIB_SelfTest return : KLR_OK

4월 02, 2020 17:24:27.82 NEW SESSION
4월 02, 2020 17:24:27.83 [4464:3968:0402/172427.826:ERROR:socket_stream.cc(218)] Closing stream with result -2
4월 02, 2020 18:46:30.69 [4464:12196:0402/184630.688:ERROR:gcm_channel_status_request.cc(145)] GCM channel request failed.
4월 02, 2020 18:46:31.64 [4464:3968:0402/184631.647:ERROR:connection_factory_impl.cc(420)] Failed to connect to MCS endpoint with error -106
4월 02, 2020 18:55:47.38 
4월 02, 2020 18:55:47.39 KLIB_SelfTest return : KLR_OK

4월 03, 2020 03:33:58.90 NEW SESSION
4월 03, 2020 03:33:58.90 
4월 03, 2020 03:33:58.91 KLIB_SelfTest return : KLR_OK

4월 05, 2020 13:30:31.05 NEW SESSION
4월 05, 2020 13:30:31.05 
4월 05, 2020 13:30:31.05 KLIB_SelfTest return : KLR_OK
4월 05, 2020 13:35:19.17 
4월 05, 2020 13:35:19.18 KLIB_SelfTest return : KLR_OK
4월 05, 2020 13:48:37.98 
4월 05, 2020 13:48:37.99 KLIB_SelfTest return : KLR_OK

4월 06, 2020 08:39:13.71 NEW SESSION
4월 06, 2020 08:39:13.71 
4월 06, 2020 08:39:13.74 KLIB_SelfTest return : KLR_OK
4월 06, 2020 09:57:49.94 [212:14320:0406/095749.943:ERROR:socket_stream.cc(218)] Closing stream with result -2
4월 07, 2020 07:06:38.94 [212:14376:0407/070638.939:ERROR:get_updates_processor.cc(246)] PostClientToServerMessage() failed during GetUpdates
4월 07, 2020 07:25:18.69 
4월 07, 2020 07:25:18.69 KLIB_SelfTest return : KLR_OK
4월 07, 2020 09:43:33.86 
4월 07, 2020 09:43:33.87 KLIB_SelfTest return : KLR_OK

4월 07, 2020 10:55:21.69 NEW SESSION
4월 07, 2020 10:55:21.69 
4월 07, 2020 10:55:21.70 KLIB_SelfTest return : KLR_OK

4월 08, 2020 09:06:04.92 NEW SESSION
4월 08, 2020 09:06:04.92 
4월 08, 2020 09:06:04.93 KLIB_SelfTest return : KLR_OK
4월 08, 2020 09:25:29.15 
4월 08, 2020 09:25:29.16 KLIB_SelfTest return : KLR_OK
4월 08, 2020 10:00:02.13 
4월 08, 2020 10:00:02.13 KLIB_SelfTest return : KLR_OK
4월 08, 2020 19:38:39.44 
4월 08, 2020 19:38:39.45 KLIB_SelfTest return : KLR_OK
4월 08, 2020 19:44:37.01 
4월 08, 2020 19:44:37.02 KLIB_SelfTest return : KLR_OK
